<?xml version="1.0" encoding="UTF-8"?>
<!-- Generated by org.testng.reporters.JUnitXMLReporter -->
<testsuite hostname="ip-172-31-22-111" ignored="0" name="Default test" tests="3" failures="0" timestamp="2022-03-13T04:36:21 UTC" time="13.417" errors="0">
  <testcase name="ExternalDataTest" time="3.279" classname="testcases.LoginTest"/>
  <testcase name="LoginFailureTest" time="3.287" classname="testcases.LoginTest"/>
  <testcase name="LoginSuccessTest" time="1.622" classname="testcases.LoginTest"/>
</testsuite> <!-- Default test -->
