<?xml version="1.0" encoding="UTF-8"?>
<!-- Generated by org.testng.reporters.JUnitXMLReporter -->
<testsuite hostname="ip-172-31-22-111" ignored="0" name="Test" tests="3" failures="1" timestamp="2022-03-12T05:25:35 UTC" time="12.207" errors="0">
  <testcase name="LoginFailureTest" time="2.493" classname="testcases.LoginTest">
    <failure type="java.lang.AssertionError" message="expected:&amp;lt;The email or password you have entered is invalid.&amp;gt; but was:&amp;lt;The email or password you have entered is invalid&amp;gt;">
      <![CDATA[java.lang.AssertionError: expected:<The email or password you have entered is invalid.> but was:<The email or password you have entered is invalid>
at testcases.LoginTest.LoginFailureTest(LoginTest.java:75)
at java.util.ArrayList.forEach(ArrayList.java:1259)
... Removed 29 stack frames]]>
    </failure>
  </testcase> <!-- LoginFailureTest -->
  <testcase name="LoginSuccessTest" time="1.672" classname="testcases.LoginTest"/>
  <testcase name="ParametarizedTest" time="3.801" classname="testcases.LoginTest"/>
</testsuite> <!-- Test -->
