<?xml version="1.0" encoding="UTF-8"?>
<!-- Generated by org.testng.reporters.JUnitXMLReporter -->
<testsuite hostname="ip-172-31-22-111" ignored="0" name="Test" tests="3" failures="0" timestamp="2022-03-19T04:20:17 UTC" time="13.415" errors="0">
  <testcase name="ExternalDataTest" time="1.908" classname="testcases.LoginTest"/>
  <testcase name="LoginFailureTest" time="3.447" classname="testcases.LoginTest"/>
  <testcase name="LoginSuccessTest" time="2.659" classname="testcases.LoginTest"/>
</testsuite> <!-- Test -->
